<?xml version="1.0" encoding="UTF-8"?>
<!-- Generated by org.testng.reporters.JUnitReportReporter -->
<testsuite hostname="GayatriNayak" failures="0" tests="1" name="com.truecaller.tests.BaseClass" time="0.003" errors="0" timestamp="2022-12-31T19:47:49 GMT+01:00" skipped="0">
  <testcase classname="com.truecaller.tests.BaseClass" name="sampleTest" time="0.003"/>
  <system-out/>
</testsuite> <!-- com.truecaller.tests.BaseClass -->
